{"count":1,"message":"{\"ad_campaign\":\"adc1\",\"ad_media\":\"adm3\",\"ad_source\":\"ads1\",\"city\":\"shenzhen\",\"corpurin\":17,\"device_type\":\"mobile\",\"host\":\"baidu.com\",\"t_id\":12,\"timestamp\":\"2020-04-12T05:21:08.427+0800\",\"user_id\":\"15\"}","timestamp":1586683269437}
{"count":1,"message":"{\"ad_campaign\":\"adc3\",\"ad_media\":\"adm3\",\"ad_source\":\"ads1\",\"city\":\"beijing\",\"click_user_id\":\"4\",\"corpurin\":20,\"device_type\":\"mobile\",\"host\":\"google.com\",\"t_id\":13,\"timestamp\":\"2020-04-12T05:21:09.441+0800\",\"user_id\":\"4\"}","timestamp":1586683270448}
{"count":1,"message":"{\"ad_campaign\":\"adc1\",\"ad_media\":\"adm2\",\"ad_source\":\"ads2\",\"city\":\"guangzhou\",\"corpurin\":15,\"device_type\":\"mobile\",\"host\":\"baidu.com\",\"t_id\":13,\"timestamp\":\"2020-04-12T05:21:10.454+0800\",\"user_id\":\"12\"}","timestamp":1586683271457}
{"count":1,"message":"{\"ad_campaign\":\"adc2\",\"ad_media\":\"adm2\",\"ad_source\":\"ads1\",\"city\":\"guangzhou\",\"click_user_id\":\"14\",\"corpurin\":2,\"device_type\":\"other\",\"host\":\"baidu.com\",\"t_id\":14,\"timestamp\":\"2020-04-12T05:21:11.459+0800\",\"user_id\":\"14\"}","timestamp":1586683272463}
{"count":1,"message":"{\"ad_campaign\":\"adc1\",\"ad_media\":\"adm2\",\"ad_source\":\"ads1\",\"city\":\"guangzhou\",\"corpurin\":4,\"device_type\":\"mobile\",\"host\":\"google.com\",\"t_id\":5,\"timestamp\":\"2020-04-12T05:21:12.464+0800\",\"user_id\":\"11\"}","timestamp":1586683273469}
{"count":1,"message":"{\"ad_campaign\":\"adc2\",\"ad_media\":\"adm3\",\"ad_source\":\"ads1\",\"city\":\"beijing\",\"click_user_id\":\"13\",\"corpurin\":2,\"device_type\":\"mobile\",\"host\":\"baidu.com\",\"t_id\":17,\"timestamp\":\"2020-04-12T05:21:13.472+0800\",\"user_id\":\"13\"}","timestamp":1586683274476}
{"count":1,"message":"{\"ad_campaign\":\"adc1\",\"ad_media\":\"adm2\",\"ad_source\":\"ads2\",\"city\":\"shenzhen\",\"corpurin\":15,\"device_type\":\"pc\",\"host\":\"baidu.com\",\"t_id\":6,\"timestamp\":\"2020-04-12T05:21:14.478+0800\",\"user_id\":\"7\"}","timestamp":1586683275487}
{"count":1,"message":"{\"ad_campaign\":\"adc2\",\"ad_media\":\"adm1\",\"ad_source\":\"ads1\",\"city\":\"shenzhen\",\"click_user_id\":\"4\",\"corpurin\":15,\"device_type\":\"mobile\",\"host\":\"baidu.com\",\"t_id\":18,\"timestamp\":\"2020-04-12T05:21:15.490+0800\",\"user_id\":\"4\"}","timestamp":1586683276493}
{"count":1,"message":"{\"ad_campaign\":\"adc3\",\"ad_media\":\"adm2\",\"ad_source\":\"ads2\",\"city\":\"guangzhou\",\"corpurin\":6,\"device_type\":\"other\",\"host\":\"google.com\",\"t_id\":6,\"timestamp\":\"2020-04-12T05:21:16.495+0800\",\"user_id\":\"6\"}","timestamp":1586683277499}
{"count":1,"message":"{\"ad_campaign\":\"adc3\",\"ad_media\":\"adm3\",\"ad_source\":\"ads1\",\"city\":\"shanghai\",\"click_user_id\":\"2\",\"corpurin\":20,\"device_type\":\"pc\",\"host\":\"google.com\",\"t_id\":19,\"timestamp\":\"2020-04-12T05:21:17.501+0800\",\"user_id\":\"2\"}","timestamp":1586683278505}
{"count":1,"message":"{\"ad_campaign\":\"adc3\",\"ad_media\":\"adm1\",\"ad_source\":\"ads1\",\"city\":\"guangzhou\",\"corpurin\":7,\"device_type\":\"other\",\"host\":\"google.com\",\"t_id\":18,\"timestamp\":\"2020-04-12T05:21:18.507+0800\",\"user_id\":\"12\"}","timestamp":1586683279512}
{"count":1,"message":"{\"ad_campaign\":\"adc1\",\"ad_media\":\"adm3\",\"ad_source\":\"ads1\",\"city\":\"shenzhen\",\"click_user_id\":\"17\",\"corpurin\":10,\"device_type\":\"pc\",\"host\":\"google.com\",\"t_id\":18,\"timestamp\":\"2020-04-12T05:21:19.514+0800\",\"user_id\":\"17\"}","timestamp":1586683280519}
{"count":1,"message":"{\"ad_campaign\":\"adc1\",\"ad_media\":\"adm2\",\"ad_source\":\"ads2\",\"city\":\"beijing\",\"corpurin\":9,\"device_type\":\"mobile\",\"host\":\"baidu.com\",\"t_id\":13,\"timestamp\":\"2020-04-12T05:21:20.521+0800\",\"user_id\":\"19\"}","timestamp":1586683281525}
{"count":1,"message":"{\"ad_campaign\":\"adc1\",\"ad_media\":\"adm1\",\"ad_source\":\"ads2\",\"city\":\"guangzhou\",\"click_user_id\":\"14\",\"corpurin\":17,\"device_type\":\"other\",\"host\":\"baidu.com\",\"t_id\":5,\"timestamp\":\"2020-04-12T05:21:21.527+0800\",\"user_id\":\"14\"}","timestamp":1586683282533}
{"count":1,"message":"{\"ad_campaign\":\"adc1\",\"ad_media\":\"adm1\",\"ad_source\":\"ads2\",\"city\":\"beijing\",\"corpurin\":7,\"device_type\":\"pc\",\"host\":\"google.com\",\"t_id\":5,\"timestamp\":\"2020-04-12T05:21:22.536+0800\",\"user_id\":\"9\"}","timestamp":1586683283543}
{"count":1,"message":"{\"ad_campaign\":\"adc1\",\"ad_media\":\"adm3\",\"ad_source\":\"ads2\",\"city\":\"shanghai\",\"click_user_id\":\"15\",\"corpurin\":8,\"device_type\":\"mobile\",\"host\":\"google.com\",\"t_id\":10,\"timestamp\":\"2020-04-12T05:21:23.546+0800\",\"user_id\":\"15\"}","timestamp":1586683284554}
{"count":1,"message":"{\"ad_campaign\":\"adc1\",\"ad_media\":\"adm3\",\"ad_source\":\"ads2\",\"city\":\"shanghai\",\"corpurin\":20,\"device_type\":\"pc\",\"host\":\"google.com\",\"t_id\":2,\"timestamp\":\"2020-04-12T05:21:24.556+0800\",\"user_id\":\"13\"}","timestamp":1586683285561}
{"count":1,"message":"{\"ad_campaign\":\"adc3\",\"ad_media\":\"adm1\",\"ad_source\":\"ads2\",\"city\":\"shenzhen\",\"click_user_id\":\"13\",\"corpurin\":1,\"device_type\":\"other\",\"host\":\"google.com\",\"t_id\":13,\"timestamp\":\"2020-04-12T05:21:25.563+0800\",\"user_id\":\"13\"}","timestamp":1586683286566}
{"count":1,"message":"{\"ad_campaign\":\"adc3\",\"ad_media\":\"adm3\",\"ad_source\":\"ads1\",\"city\":\"beijing\",\"corpurin\":15,\"device_type\":\"other\",\"host\":\"google.com\",\"t_id\":4,\"timestamp\":\"2020-04-12T05:21:26.568+0800\",\"user_id\":\"14\"}","timestamp":1586683287571}
{"count":1,"message":"{\"ad_campaign\":\"adc3\",\"ad_media\":\"adm1\",\"ad_source\":\"ads2\",\"city\":\"guangzhou\",\"click_user_id\":\"2\",\"corpurin\":14,\"device_type\":\"mobile\",\"host\":\"baidu.com\",\"t_id\":3,\"timestamp\":\"2020-04-12T05:21:27.573+0800\",\"user_id\":\"2\"}","timestamp":1586683288578}
{"count":1,"message":"{\"ad_campaign\":\"adc1\",\"ad_media\":\"adm1\",\"ad_source\":\"ads1\",\"city\":\"beijing\",\"corpurin\":18,\"device_type\":\"other\",\"host\":\"baidu.com\",\"t_id\":9,\"timestamp\":\"2020-04-12T05:21:28.579+0800\",\"user_id\":\"7\"}","timestamp":1586683289582}
{"count":1,"message":"{\"ad_campaign\":\"adc2\",\"ad_media\":\"adm1\",\"ad_source\":\"ads1\",\"city\":\"shanghai\",\"click_user_id\":\"6\",\"corpurin\":3,\"device_type\":\"mobile\",\"host\":\"baidu.com\",\"t_id\":15,\"timestamp\":\"2020-04-12T05:21:29.584+0800\",\"user_id\":\"6\"}","timestamp":1586683290587}
{"count":1,"message":"{\"ad_campaign\":\"adc1\",\"ad_media\":\"adm1\",\"ad_source\":\"ads1\",\"city\":\"shenzhen\",\"corpurin\":11,\"device_type\":\"other\",\"host\":\"baidu.com\",\"t_id\":17,\"timestamp\":\"2020-04-12T05:21:30.588+0800\",\"user_id\":\"14\"}","timestamp":1586683291591}
{"count":1,"message":"{\"ad_campaign\":\"adc1\",\"ad_media\":\"adm3\",\"ad_source\":\"ads1\",\"city\":\"shanghai\",\"click_user_id\":\"3\",\"corpurin\":4,\"device_type\":\"other\",\"host\":\"google.com\",\"t_id\":3,\"timestamp\":\"2020-04-12T05:21:31.592+0800\",\"user_id\":\"3\"}","timestamp":1586683292596}
{"count":1,"message":"{\"ad_campaign\":\"adc3\",\"ad_media\":\"adm1\",\"ad_source\":\"ads1\",\"city\":\"beijing\",\"corpurin\":13,\"device_type\":\"pc\",\"host\":\"baidu.com\",\"t_id\":3,\"timestamp\":\"2020-04-12T05:21:32.598+0800\",\"user_id\":\"17\"}","timestamp":1586683293609}
{"count":1,"message":"{\"ad_campaign\":\"adc1\",\"ad_media\":\"adm2\",\"ad_source\":\"ads1\",\"city\":\"shenzhen\",\"click_user_id\":\"7\",\"corpurin\":10,\"device_type\":\"pc\",\"host\":\"baidu.com\",\"t_id\":3,\"timestamp\":\"2020-04-12T05:21:33.612+0800\",\"user_id\":\"7\"}","timestamp":1586683294615}
{"count":1,"message":"{\"ad_campaign\":\"adc3\",\"ad_media\":\"adm3\",\"ad_source\":\"ads1\",\"city\":\"guangzhou\",\"corpurin\":2,\"device_type\":\"pc\",\"host\":\"baidu.com\",\"t_id\":18,\"timestamp\":\"2020-04-12T05:21:34.619+0800\",\"user_id\":\"16\"}","timestamp":1586683295623}
{"count":1,"message":"{\"ad_campaign\":\"adc2\",\"ad_media\":\"adm2\",\"ad_source\":\"ads1\",\"city\":\"shenzhen\",\"click_user_id\":\"10\",\"corpurin\":13,\"device_type\":\"pc\",\"host\":\"google.com\",\"t_id\":19,\"timestamp\":\"2020-04-12T05:21:35.624+0800\",\"user_id\":\"10\"}","timestamp":1586683296628}
{"count":1,"message":"{\"ad_campaign\":\"adc2\",\"ad_media\":\"adm1\",\"ad_source\":\"ads2\",\"city\":\"beijing\",\"corpurin\":4,\"device_type\":\"pc\",\"host\":\"baidu.com\",\"t_id\":7,\"timestamp\":\"2020-04-12T05:21:36.629+0800\",\"user_id\":\"16\"}","timestamp":1586683297633}
{"count":1,"message":"{\"ad_campaign\":\"adc1\",\"ad_media\":\"adm3\",\"ad_source\":\"ads1\",\"city\":\"shenzhen\",\"click_user_id\":\"11\",\"corpurin\":17,\"device_type\":\"other\",\"host\":\"google.com\",\"t_id\":2,\"timestamp\":\"2020-04-12T05:21:37.634+0800\",\"user_id\":\"11\"}","timestamp":1586683298639}
{"count":1,"message":"{\"ad_campaign\":\"adc1\",\"ad_media\":\"adm1\",\"ad_source\":\"ads2\",\"city\":\"shenzhen\",\"corpurin\":20,\"device_type\":\"pc\",\"host\":\"baidu.com\",\"t_id\":20,\"timestamp\":\"2020-04-12T05:21:38.640+0800\",\"user_id\":\"2\"}","timestamp":1586683299644}
{"count":1,"message":"{\"ad_campaign\":\"adc3\",\"ad_media\":\"adm3\",\"ad_source\":\"ads2\",\"city\":\"guangzhou\",\"click_user_id\":\"5\",\"corpurin\":15,\"device_type\":\"mobile\",\"host\":\"baidu.com\",\"t_id\":6,\"timestamp\":\"2020-04-12T05:21:39.646+0800\",\"user_id\":\"5\"}","timestamp":1586683300648}
{"count":1,"message":"{\"ad_campaign\":\"adc3\",\"ad_media\":\"adm1\",\"ad_source\":\"ads2\",\"city\":\"shenzhen\",\"corpurin\":2,\"device_type\":\"other\",\"host\":\"baidu.com\",\"t_id\":9,\"timestamp\":\"2020-04-12T05:21:40.650+0800\",\"user_id\":\"13\"}","timestamp":1586683301652}
{"count":1,"message":"{\"ad_campaign\":\"adc3\",\"ad_media\":\"adm1\",\"ad_source\":\"ads2\",\"city\":\"shenzhen\",\"click_user_id\":\"15\",\"corpurin\":9,\"device_type\":\"pc\",\"host\":\"google.com\",\"t_id\":11,\"timestamp\":\"2020-04-12T05:21:41.654+0800\",\"user_id\":\"15\"}","timestamp":1586683302657}
{"count":1,"message":"{\"ad_campaign\":\"adc2\",\"ad_media\":\"adm2\",\"ad_source\":\"ads1\",\"city\":\"shanghai\",\"corpurin\":7,\"device_type\":\"other\",\"host\":\"google.com\",\"t_id\":3,\"timestamp\":\"2020-04-12T05:21:42.658+0800\",\"user_id\":\"14\"}","timestamp":1586683303662}
{"count":1,"message":"{\"ad_campaign\":\"adc3\",\"ad_media\":\"adm2\",\"ad_source\":\"ads1\",\"city\":\"beijing\",\"click_user_id\":\"9\",\"corpurin\":8,\"device_type\":\"other\",\"host\":\"google.com\",\"t_id\":14,\"timestamp\":\"2020-04-12T05:21:43.663+0800\",\"user_id\":\"9\"}","timestamp":1586683304677}
{"count":1,"message":"{\"ad_campaign\":\"adc2\",\"ad_media\":\"adm3\",\"ad_source\":\"ads1\",\"city\":\"guangzhou\",\"corpurin\":15,\"device_type\":\"pc\",\"host\":\"baidu.com\",\"t_id\":17,\"timestamp\":\"2020-04-12T05:21:44.681+0800\",\"user_id\":\"20\"}","timestamp":1586683305683}
{"count":1,"message":"{\"ad_campaign\":\"adc1\",\"ad_media\":\"adm2\",\"ad_source\":\"ads1\",\"city\":\"guangzhou\",\"click_user_id\":\"3\",\"corpurin\":16,\"device_type\":\"mobile\",\"host\":\"baidu.com\",\"t_id\":6,\"timestamp\":\"2020-04-12T05:21:45.685+0800\",\"user_id\":\"3\"}","timestamp":1586683306687}
{"count":1,"message":"{\"ad_campaign\":\"adc1\",\"ad_media\":\"adm1\",\"ad_source\":\"ads1\",\"city\":\"shanghai\",\"corpurin\":18,\"device_type\":\"pc\",\"host\":\"baidu.com\",\"t_id\":4,\"timestamp\":\"2020-04-12T05:21:46.688+0800\",\"user_id\":\"18\"}","timestamp":1586683307699}
{"count":1,"message":"{\"ad_campaign\":\"adc1\",\"ad_media\":\"adm1\",\"ad_source\":\"ads2\",\"city\":\"beijing\",\"click_user_id\":\"16\",\"corpurin\":11,\"device_type\":\"pc\",\"host\":\"baidu.com\",\"t_id\":11,\"timestamp\":\"2020-04-12T05:21:47.703+0800\",\"user_id\":\"16\"}","timestamp":1586683308707}
{"count":1,"message":"{\"ad_campaign\":\"adc2\",\"ad_media\":\"adm1\",\"ad_source\":\"ads2\",\"city\":\"beijing\",\"corpurin\":9,\"device_type\":\"pc\",\"host\":\"google.com\",\"t_id\":14,\"timestamp\":\"2020-04-12T05:21:48.708+0800\",\"user_id\":\"13\"}","timestamp":1586683309712}
{"count":1,"message":"{\"ad_campaign\":\"adc3\",\"ad_media\":\"adm1\",\"ad_source\":\"ads1\",\"city\":\"shanghai\",\"click_user_id\":\"9\",\"corpurin\":12,\"device_type\":\"other\",\"host\":\"baidu.com\",\"t_id\":4,\"timestamp\":\"2020-04-12T05:21:49.713+0800\",\"user_id\":\"9\"}","timestamp":1586683310718}
{"count":1,"message":"{\"ad_campaign\":\"adc3\",\"ad_media\":\"adm1\",\"ad_source\":\"ads1\",\"city\":\"guangzhou\",\"corpurin\":7,\"device_type\":\"other\",\"host\":\"baidu.com\",\"t_id\":7,\"timestamp\":\"2020-04-12T05:21:50.720+0800\",\"user_id\":\"16\"}","timestamp":1586683311723}

