{"adCampaign":"adc1","adMedia":"adm3","adSource":"ads1","city":"shenzhen","corpurin":"17","deviceType":"mobile","host":"baidu.com","tId":12,"timestamp":"2020-04-12T05:21:08.427+0800","userId":"","clickUserId":"","yearMonthDay":"2020-04-12","yearMonth":"2020-04","year":"2020"}
{"adCampaign":"adc3","adMedia":"adm3","adSource":"ads1","city":"beijing","corpurin":"20","deviceType":"mobile","host":"google.com","tId":13,"timestamp":"2020-04-12T05:21:09.441+0800","userId":"","clickUserId":"4","yearMonthDay":"2020-04-12","yearMonth":"2020-04","year":"2020"}
{"adCampaign":"adc1","adMedia":"adm2","adSource":"ads2","city":"guangzhou","corpurin":"15","deviceType":"mobile","host":"baidu.com","tId":13,"timestamp":"2020-04-12T05:21:10.454+0800","userId":"","clickUserId":"","yearMonthDay":"2020-04-12","yearMonth":"2020-04","year":"2020"}
{"adCampaign":"adc2","adMedia":"adm2","adSource":"ads1","city":"guangzhou","corpurin":"2","deviceType":"other","host":"baidu.com","tId":14,"timestamp":"2020-04-12T05:21:11.459+0800","userId":"","clickUserId":"14","yearMonthDay":"2020-04-12","yearMonth":"2020-04","year":"2020"}
{"adCampaign":"adc1","adMedia":"adm2","adSource":"ads1","city":"guangzhou","corpurin":"4","deviceType":"mobile","host":"google.com","tId":5,"timestamp":"2020-04-12T05:21:12.464+0800","userId":"","clickUserId":"","yearMonthDay":"2020-04-12","yearMonth":"2020-04","year":"2020"}
{"adCampaign":"adc2","adMedia":"adm3","adSource":"ads1","city":"beijing","corpurin":"2","deviceType":"mobile","host":"baidu.com","tId":17,"timestamp":"2020-04-12T05:21:13.472+0800","userId":"","clickUserId":"13","yearMonthDay":"2020-04-12","yearMonth":"2020-04","year":"2020"}
{"adCampaign":"adc1","adMedia":"adm2","adSource":"ads2","city":"shenzhen","corpurin":"15","deviceType":"pc","host":"baidu.com","tId":6,"timestamp":"2020-04-12T05:21:14.478+0800","userId":"","clickUserId":"","yearMonthDay":"2020-04-12","yearMonth":"2020-04","year":"2020"}
{"adCampaign":"adc2","adMedia":"adm1","adSource":"ads1","city":"shenzhen","corpurin":"15","deviceType":"mobile","host":"baidu.com","tId":18,"timestamp":"2020-04-12T05:21:15.490+0800","userId":"","clickUserId":"4","yearMonthDay":"2020-04-12","yearMonth":"2020-04","year":"2020"}
{"adCampaign":"adc3","adMedia":"adm2","adSource":"ads2","city":"guangzhou","corpurin":"6","deviceType":"other","host":"google.com","tId":6,"timestamp":"2020-04-12T05:21:16.495+0800","userId":"","clickUserId":"","yearMonthDay":"2020-04-12","yearMonth":"2020-04","year":"2020"}
{"adCampaign":"adc3","adMedia":"adm3","adSource":"ads1","city":"shanghai","corpurin":"20","deviceType":"pc","host":"google.com","tId":19,"timestamp":"2020-04-12T05:21:17.501+0800","userId":"","clickUserId":"2","yearMonthDay":"2020-04-12","yearMonth":"2020-04","year":"2020"}
{"adCampaign":"adc3","adMedia":"adm1","adSource":"ads1","city":"guangzhou","corpurin":"7","deviceType":"other","host":"google.com","tId":18,"timestamp":"2020-04-12T05:21:18.507+0800","userId":"","clickUserId":"","yearMonthDay":"2020-04-12","yearMonth":"2020-04","year":"2020"}
{"adCampaign":"adc1","adMedia":"adm3","adSource":"ads1","city":"shenzhen","corpurin":"10","deviceType":"pc","host":"google.com","tId":18,"timestamp":"2020-04-12T05:21:19.514+0800","userId":"","clickUserId":"17","yearMonthDay":"2020-04-12","yearMonth":"2020-04","year":"2020"}
{"adCampaign":"adc1","adMedia":"adm2","adSource":"ads2","city":"beijing","corpurin":"9","deviceType":"mobile","host":"baidu.com","tId":13,"timestamp":"2020-04-12T05:21:20.521+0800","userId":"","clickUserId":"","yearMonthDay":"2020-04-12","yearMonth":"2020-04","year":"2020"}
{"adCampaign":"adc1","adMedia":"adm1","adSource":"ads2","city":"guangzhou","corpurin":"17","deviceType":"other","host":"baidu.com","tId":5,"timestamp":"2020-04-12T05:21:21.527+0800","userId":"","clickUserId":"14","yearMonthDay":"2020-04-12","yearMonth":"2020-04","year":"2020"}
{"adCampaign":"adc1","adMedia":"adm1","adSource":"ads2","city":"beijing","corpurin":"7","deviceType":"pc","host":"google.com","tId":5,"timestamp":"2020-04-12T05:21:22.536+0800","userId":"","clickUserId":"","yearMonthDay":"2020-04-12","yearMonth":"2020-04","year":"2020"}
{"adCampaign":"adc1","adMedia":"adm3","adSource":"ads2","city":"shanghai","corpurin":"8","deviceType":"mobile","host":"google.com","tId":10,"timestamp":"2020-04-12T05:21:23.546+0800","userId":"","clickUserId":"15","yearMonthDay":"2020-04-12","yearMonth":"2020-04","year":"2020"}
{"adCampaign":"adc1","adMedia":"adm3","adSource":"ads2","city":"shanghai","corpurin":"20","deviceType":"pc","host":"google.com","tId":2,"timestamp":"2020-04-12T05:21:24.556+0800","userId":"","clickUserId":"","yearMonthDay":"2020-04-12","yearMonth":"2020-04","year":"2020"}
{"adCampaign":"adc3","adMedia":"adm1","adSource":"ads2","city":"shenzhen","corpurin":"1","deviceType":"other","host":"google.com","tId":13,"timestamp":"2020-04-12T05:21:25.563+0800","userId":"","clickUserId":"13","yearMonthDay":"2020-04-12","yearMonth":"2020-04","year":"2020"}
{"adCampaign":"adc3","adMedia":"adm3","adSource":"ads1","city":"beijing","corpurin":"15","deviceType":"other","host":"google.com","tId":4,"timestamp":"2020-04-12T05:21:26.568+0800","userId":"","clickUserId":"","yearMonthDay":"2020-04-12","yearMonth":"2020-04","year":"2020"}
{"adCampaign":"adc3","adMedia":"adm1","adSource":"ads2","city":"guangzhou","corpurin":"14","deviceType":"mobile","host":"baidu.com","tId":3,"timestamp":"2020-04-12T05:21:27.573+0800","userId":"","clickUserId":"2","yearMonthDay":"2020-04-12","yearMonth":"2020-04","year":"2020"}
{"adCampaign":"adc1","adMedia":"adm1","adSource":"ads1","city":"beijing","corpurin":"18","deviceType":"other","host":"baidu.com","tId":9,"timestamp":"2020-04-12T05:21:28.579+0800","userId":"","clickUserId":"","yearMonthDay":"2020-04-12","yearMonth":"2020-04","year":"2020"}
{"adCampaign":"adc2","adMedia":"adm1","adSource":"ads1","city":"shanghai","corpurin":"3","deviceType":"mobile","host":"baidu.com","tId":15,"timestamp":"2020-04-12T05:21:29.584+0800","userId":"","clickUserId":"6","yearMonthDay":"2020-04-12","yearMonth":"2020-04","year":"2020"}
{"adCampaign":"adc1","adMedia":"adm1","adSource":"ads1","city":"shenzhen","corpurin":"11","deviceType":"other","host":"baidu.com","tId":17,"timestamp":"2020-04-12T05:21:30.588+0800","userId":"","clickUserId":"","yearMonthDay":"2020-04-12","yearMonth":"2020-04","year":"2020"}
{"adCampaign":"adc1","adMedia":"adm3","adSource":"ads1","city":"shanghai","corpurin":"4","deviceType":"other","host":"google.com","tId":3,"timestamp":"2020-04-12T05:21:31.592+0800","userId":"","clickUserId":"3","yearMonthDay":"2020-04-12","yearMonth":"2020-04","year":"2020"}
{"adCampaign":"adc3","adMedia":"adm1","adSource":"ads1","city":"beijing","corpurin":"13","deviceType":"pc","host":"baidu.com","tId":3,"timestamp":"2020-04-12T05:21:32.598+0800","userId":"","clickUserId":"","yearMonthDay":"2020-04-12","yearMonth":"2020-04","year":"2020"}
{"adCampaign":"adc1","adMedia":"adm2","adSource":"ads1","city":"shenzhen","corpurin":"10","deviceType":"pc","host":"baidu.com","tId":3,"timestamp":"2020-04-12T05:21:33.612+0800","userId":"","clickUserId":"7","yearMonthDay":"2020-04-12","yearMonth":"2020-04","year":"2020"}
{"adCampaign":"adc3","adMedia":"adm3","adSource":"ads1","city":"guangzhou","corpurin":"2","deviceType":"pc","host":"baidu.com","tId":18,"timestamp":"2020-04-12T05:21:34.619+0800","userId":"","clickUserId":"","yearMonthDay":"2020-04-12","yearMonth":"2020-04","year":"2020"}
{"adCampaign":"adc2","adMedia":"adm2","adSource":"ads1","city":"shenzhen","corpurin":"13","deviceType":"pc","host":"google.com","tId":19,"timestamp":"2020-04-12T05:21:35.624+0800","userId":"","clickUserId":"10","yearMonthDay":"2020-04-12","yearMonth":"2020-04","year":"2020"}
{"adCampaign":"adc2","adMedia":"adm1","adSource":"ads2","city":"beijing","corpurin":"4","deviceType":"pc","host":"baidu.com","tId":7,"timestamp":"2020-04-12T05:21:36.629+0800","userId":"","clickUserId":"","yearMonthDay":"2020-04-12","yearMonth":"2020-04","year":"2020"}
{"adCampaign":"adc1","adMedia":"adm3","adSource":"ads1","city":"shenzhen","corpurin":"17","deviceType":"other","host":"google.com","tId":2,"timestamp":"2020-04-12T05:21:37.634+0800","userId":"","clickUserId":"11","yearMonthDay":"2020-04-12","yearMonth":"2020-04","year":"2020"}
{"adCampaign":"adc1","adMedia":"adm1","adSource":"ads2","city":"shenzhen","corpurin":"20","deviceType":"pc","host":"baidu.com","tId":20,"timestamp":"2020-04-12T05:21:38.640+0800","userId":"","clickUserId":"","yearMonthDay":"2020-04-12","yearMonth":"2020-04","year":"2020"}
{"adCampaign":"adc3","adMedia":"adm3","adSource":"ads2","city":"guangzhou","corpurin":"15","deviceType":"mobile","host":"baidu.com","tId":6,"timestamp":"2020-04-12T05:21:39.646+0800","userId":"","clickUserId":"5","yearMonthDay":"2020-04-12","yearMonth":"2020-04","year":"2020"}
{"adCampaign":"adc3","adMedia":"adm1","adSource":"ads2","city":"shenzhen","corpurin":"2","deviceType":"other","host":"baidu.com","tId":9,"timestamp":"2020-04-12T05:21:40.650+0800","userId":"","clickUserId":"","yearMonthDay":"2020-04-12","yearMonth":"2020-04","year":"2020"}
{"adCampaign":"adc3","adMedia":"adm1","adSource":"ads2","city":"shenzhen","corpurin":"9","deviceType":"pc","host":"google.com","tId":11,"timestamp":"2020-04-12T05:21:41.654+0800","userId":"","clickUserId":"15","yearMonthDay":"2020-04-12","yearMonth":"2020-04","year":"2020"}
{"adCampaign":"adc2","adMedia":"adm2","adSource":"ads1","city":"shanghai","corpurin":"7","deviceType":"other","host":"google.com","tId":3,"timestamp":"2020-04-12T05:21:42.658+0800","userId":"","clickUserId":"","yearMonthDay":"2020-04-12","yearMonth":"2020-04","year":"2020"}
{"adCampaign":"adc3","adMedia":"adm2","adSource":"ads1","city":"beijing","corpurin":"8","deviceType":"other","host":"google.com","tId":14,"timestamp":"2020-04-12T05:21:43.663+0800","userId":"","clickUserId":"9","yearMonthDay":"2020-04-12","yearMonth":"2020-04","year":"2020"}
{"adCampaign":"adc2","adMedia":"adm3","adSource":"ads1","city":"guangzhou","corpurin":"15","deviceType":"pc","host":"baidu.com","tId":17,"timestamp":"2020-04-12T05:21:44.681+0800","userId":"","clickUserId":"","yearMonthDay":"2020-04-12","yearMonth":"2020-04","year":"2020"}
{"adCampaign":"adc1","adMedia":"adm2","adSource":"ads1","city":"guangzhou","corpurin":"16","deviceType":"mobile","host":"baidu.com","tId":6,"timestamp":"2020-04-12T05:21:45.685+0800","userId":"","clickUserId":"3","yearMonthDay":"2020-04-12","yearMonth":"2020-04","year":"2020"}
{"adCampaign":"adc1","adMedia":"adm1","adSource":"ads1","city":"shanghai","corpurin":"18","deviceType":"pc","host":"baidu.com","tId":4,"timestamp":"2020-04-12T05:21:46.688+0800","userId":"","clickUserId":"","yearMonthDay":"2020-04-12","yearMonth":"2020-04","year":"2020"}
{"adCampaign":"adc1","adMedia":"adm1","adSource":"ads2","city":"beijing","corpurin":"11","deviceType":"pc","host":"baidu.com","tId":11,"timestamp":"2020-04-12T05:21:47.703+0800","userId":"","clickUserId":"16","yearMonthDay":"2020-04-12","yearMonth":"2020-04","year":"2020"}
{"adCampaign":"adc2","adMedia":"adm1","adSource":"ads2","city":"beijing","corpurin":"9","deviceType":"pc","host":"google.com","tId":14,"timestamp":"2020-04-12T05:21:48.708+0800","userId":"","clickUserId":"","yearMonthDay":"2020-04-12","yearMonth":"2020-04","year":"2020"}
{"adCampaign":"adc3","adMedia":"adm1","adSource":"ads1","city":"shanghai","corpurin":"12","deviceType":"other","host":"baidu.com","tId":4,"timestamp":"2020-04-12T05:21:49.713+0800","userId":"","clickUserId":"9","yearMonthDay":"2020-04-12","yearMonth":"2020-04","year":"2020"}
{"adCampaign":"adc3","adMedia":"adm1","adSource":"ads1","city":"guangzhou","corpurin":"7","deviceType":"other","host":"baidu.com","tId":7,"timestamp":"2020-04-12T05:21:50.720+0800","userId":"","clickUserId":"","yearMonthDay":"2020-04-12","yearMonth":"2020-04","year":"2020"}
